[GIN-debug] [WARNING] Creating an Engine instance with the Logger and Recovery middleware already attached.

[GIN-debug] [WARNING] Running in "debug" mode. Switch to "release" mode in production.
 - using env:	export GIN_MODE=release
 - using code:	gin.SetMode(gin.ReleaseMode)

[GIN-debug] Loaded HTML Templates (3): 
	- 
	- index.html
	- index.tmpl

[GIN-debug] GET    /                         --> basic-gin/controllers.IndexApi (3 handlers)
[GIN-debug] GET    /bindurl/:name/:id        --> basic-gin/controllers.BidUri (3 handlers)
[GIN-debug] GET    /getb                     --> basic-gin/controllers.GetDataB (3 handlers)
[GIN-debug] GET    /getc                     --> basic-gin/controllers.GetDataC (3 handlers)
[GIN-debug] GET    /getd                     --> basic-gin/controllers.GetDataD (3 handlers)
[GIN-debug] GET    /tmpl                     --> basic-gin/controllers.ShowTmplIndex (3 handlers)
[GIN-debug] GET    /html                     --> basic-gin/controllers.ShowHtmlIndex (3 handlers)
[GIN-debug] POST   /bindForm                 --> basic-gin/controllers.FormHandler (3 handlers)
[GIN-debug] GET    /someJSON                 --> basic-gin/controllers.AscJson (3 handlers)
[GIN-debug] GET    /static/*filepath         --> github.com/gin-gonic/gin.(*RouterGroup).createStaticHandler.func1 (3 handlers)
[GIN-debug] HEAD   /static/*filepath         --> github.com/gin-gonic/gin.(*RouterGroup).createStaticHandler.func1 (3 handlers)
[GIN] 2019/06/06 - 11:26:40 | 200 |            0s |             ::1 | GET      /someJSON
[GIN] 2019/06/06 - 11:26:40 | 404 |            0s |             ::1 | GET      /favicon.ico
